        -:    0:Source:bucles.c
        -:    0:Graph:bucles.gcno
        -:    0:Data:bucles.gcda
        -:    0:Runs:1
        -:    1:float a=0.3; float b=0.8; float c=0.1;
        1:    2:void main(void) {
        -:    3:unsigned long i;
 80000001:    4:for (i=0;i<80000000;i++) a=a*b/(1+c);
        1:    5:bucle1(); bucle1(); bucle2();
        1:    6:}
        2:    7:void bucle1(void) {
        -:    8:unsigned long i;
 40000002:    9:for (i=0;i<20000000;i++) {
 40000000:   10:c=(c+c*c)/(1+a*c);c=a*b*c; }
       12:   11:for (i=1;i<=5;i++) bucle3();
        2:   12:}
        1:   13:void bucle2(void) {
        -:   14:unsigned long i;
  5000001:   15:for (i=0;i<5000000;i++) {
  5000000:   16:c=(c+c*c+c*c*c)/(1+a*c*c);
  5000000:   17:c=a*b*c; }
        9:   18:for (i=1;i<=8;i++) bucle3();
        1:   19:}
       18:   20:void bucle3(void) {
        -:   21:unsigned long i;
 18000018:   22:for (i=0;i<1000000;i++) {
 18000000:   23:c=a*b*c; c=1/(a+b*c);
        -:   24:}
       18:   25:}
